2023-06-08 17:32:24,657 INFO o.a.j.u.JMeterUtils: Setting Locale to en_EN
2023-06-08 17:32:24,683 INFO o.a.j.JMeter: Loading user properties from: user.properties
2023-06-08 17:32:24,683 INFO o.a.j.JMeter: Loading system properties from: system.properties
2023-06-08 17:32:24,688 INFO o.a.j.JMeter: Copyright (c) 1998-2022 The Apache Software Foundation
2023-06-08 17:32:24,688 INFO o.a.j.JMeter: Version 5.5
2023-06-08 17:32:24,688 INFO o.a.j.JMeter: java.version=11.0.19
2023-06-08 17:32:24,688 INFO o.a.j.JMeter: java.vm.name=OpenJDK 64-Bit Server VM
2023-06-08 17:32:24,688 INFO o.a.j.JMeter: os.name=Linux
2023-06-08 17:32:24,688 INFO o.a.j.JMeter: os.arch=amd64
2023-06-08 17:32:24,688 INFO o.a.j.JMeter: os.version=5.15.0-71-generic
2023-06-08 17:32:24,688 INFO o.a.j.JMeter: file.encoding=UTF-8
2023-06-08 17:32:24,688 INFO o.a.j.JMeter: java.awt.headless=null
2023-06-08 17:32:24,688 INFO o.a.j.JMeter: Max memory     =1073741824
2023-06-08 17:32:24,689 INFO o.a.j.JMeter: Available Processors =8
2023-06-08 17:32:24,694 INFO o.a.j.JMeter: Default Locale=English (EN)
2023-06-08 17:32:24,695 INFO o.a.j.JMeter: JMeter  Locale=English (EN)
2023-06-08 17:32:24,695 INFO o.a.j.JMeter: JMeterHome=/home/lauralazaro/Escritorio/DGIIM/TERCERO/ISE/p4/apache-jmeter-5.5
2023-06-08 17:32:24,695 INFO o.a.j.JMeter: user.dir  =/home/lauralazaro/Escritorio/DGIIM/TERCERO/ISE/p4/apache-jmeter-5.5/bin
2023-06-08 17:32:24,695 INFO o.a.j.JMeter: PWD       =/home/lauralazaro/Escritorio/DGIIM/TERCERO/ISE/p4/apache-jmeter-5.5/bin
2023-06-08 17:32:24,695 INFO o.a.j.JMeter: IP: 127.0.1.1 Name: VivoBook-ASUSLaptop-X421FL-S433FL FullName: VivoBook-ASUSLaptop-X421FL-S433FL
2023-06-08 17:32:24,703 INFO o.a.j.JMeter: Loaded icon properties from org/apache/jmeter/images/icon.properties
2023-06-08 17:32:24,906 INFO o.a.j.JMeterGuiLauncher: Setting LAF to: com.github.weisj.darklaf.DarkLaf:com.github.weisj.darklaf.theme.DarculaTheme
2023-06-08 17:32:34,344 INFO o.a.j.s.FileServer: Default base='/home/lauralazaro/Escritorio/DGIIM/TERCERO/ISE/p4/apache-jmeter-5.5/bin'
2023-06-08 17:32:34,346 INFO o.a.j.g.a.Load: Loading file: /home/lauralazaro/Escritorio/DGIIM/TERCERO/ISE/p4/Aggregate Report.jmx
2023-06-08 17:32:34,346 INFO o.a.j.s.FileServer: Set new base='/home/lauralazaro/Escritorio/DGIIM/TERCERO/ISE/p4'
2023-06-08 17:32:34,469 INFO o.a.j.s.SaveService: Testplan (JMX) version: 2.2. Testlog (JTL) version: 2.2
2023-06-08 17:32:34,478 INFO o.a.j.s.SaveService: Using SaveService properties version 5.0
2023-06-08 17:32:34,480 INFO o.a.j.s.SaveService: Using SaveService properties file encoding UTF-8
2023-06-08 17:32:34,481 INFO o.a.j.s.SaveService: Loading file: /home/lauralazaro/Escritorio/DGIIM/TERCERO/ISE/p4/Aggregate Report.jmx
2023-06-08 17:32:34,509 INFO o.a.j.p.h.s.HTTPSamplerBase: Parser for text/html is org.apache.jmeter.protocol.http.parser.LagartoBasedHtmlParser
2023-06-08 17:32:34,509 INFO o.a.j.p.h.s.HTTPSamplerBase: Parser for application/xhtml+xml is org.apache.jmeter.protocol.http.parser.LagartoBasedHtmlParser
2023-06-08 17:32:34,509 INFO o.a.j.p.h.s.HTTPSamplerBase: Parser for application/xml is org.apache.jmeter.protocol.http.parser.LagartoBasedHtmlParser
2023-06-08 17:32:34,509 INFO o.a.j.p.h.s.HTTPSamplerBase: Parser for text/xml is org.apache.jmeter.protocol.http.parser.LagartoBasedHtmlParser
2023-06-08 17:32:34,509 INFO o.a.j.p.h.s.HTTPSamplerBase: Parser for text/vnd.wap.wml is org.apache.jmeter.protocol.http.parser.RegexpHTMLParser
2023-06-08 17:32:34,509 INFO o.a.j.p.h.s.HTTPSamplerBase: Parser for text/css is org.apache.jmeter.protocol.http.parser.CssParser
2023-06-08 17:32:34,520 INFO o.a.j.p.h.s.HTTPJavaImpl: Maximum connection retries = 0
2023-06-08 17:32:34,759 INFO o.a.j.s.SampleResult: Note: Sample TimeStamps are START times
2023-06-08 17:32:34,759 INFO o.a.j.s.SampleResult: sampleresult.default.encoding is set to ISO-8859-1
2023-06-08 17:32:34,759 INFO o.a.j.s.SampleResult: sampleresult.useNanoTime=true
2023-06-08 17:32:34,760 INFO o.a.j.s.SampleResult: sampleresult.nanoThreadSleep=5000
2023-06-08 17:32:34,897 INFO o.a.j.v.ViewResultsFullVisualizer: Add JavaFX to your Java installation if you want to use renderer: org.apache.jmeter.visualizers.RenderInBrowser
2023-06-08 17:32:35,013 INFO o.a.j.s.FileServer: Set new base='/home/lauralazaro/Escritorio/DGIIM/TERCERO/ISE/p4'
