

*******************************************************************************
Tue Mar 29 08:48:52 2022


FIT:    data read from 'salidas.dat'
        format = z
        #datapoints = 27
        residuals are weighted equally (unit weight)

function used for fitting: f(x)
	f(x) = a0*x*x+a1*x+a2
fitted parameters initialized with current variable values

iter      chisq       delta/lim  lambda   a0            a1            a2           
   0 9.9458316572e+21   0.00e+00  1.11e+10    1.000000e+00   1.000000e+00   1.000000e+00
  14 1.3142925993e+00  -5.90e-09  1.11e-04    1.051506e-09  -1.361995e-05   1.312910e-01

After 14 iterations the fit converged.
final sum of squares of residuals : 1.31429
rel. change during last iteration : -5.89622e-14

degrees of freedom    (FIT_NDF)                        : 24
rms of residuals      (FIT_STDFIT) = sqrt(WSSR/ndf)    : 0.234013
variance of residuals (reduced chisquare) = WSSR/ndf   : 0.0547622

Final set of parameters            Asymptotic Standard Error
=======================            ==========================
a0              = 1.05151e-09      +/- 1.747e-11    (1.661%)
a1              = -1.362e-05       +/- 3.923e-06    (28.8%)
a2              = 0.131291         +/- 0.1897       (144.5%)

correlation matrix of the fit parameters:
                a0     a1     a2     
a0              1.000 
a1             -0.977  1.000 
a2              0.842 -0.926  1.000 


*******************************************************************************
Tue Mar 29 09:02:24 2022


FIT:    data read from 'salida.dat'
        format = z
        #datapoints = 26
        residuals are weighted equally (unit weight)

function used for fitting: g(x)
	g(x) = c1*(2^n)+c2
fitted parameters initialized with current variable values



*******************************************************************************
Tue Mar 29 09:03:02 2022


FIT:    data read from 'salida.dat'
        format = z
        #datapoints = 26
        residuals are weighted equally (unit weight)

function used for fitting: g(x)
	g(x) = c1*(2^x)+c2
fitted parameters initialized with current variable values



*******************************************************************************
Tue Mar 29 09:03:50 2022


FIT:    data read from 'salida.dat'
        format = z
        #datapoints = 26
        residuals are weighted equally (unit weight)

function used for fitting: g(x)
	g(x) = c1*(2**x)+c2
fitted parameters initialized with current variable values

iter      chisq       delta/lim  lambda   c1            c2           
   0 9.8382634200e+19   0.00e+00  1.38e+09    1.000000e+00   1.000000e+00
   5 2.4270589330e+01  -2.41e-04  1.38e+04    4.369037e-09   1.000000e+00

After 5 iterations the fit converged.
final sum of squares of residuals : 24.2706
rel. change during last iteration : -2.40948e-09

degrees of freedom    (FIT_NDF)                        : 24
rms of residuals      (FIT_STDFIT) = sqrt(WSSR/ndf)    : 1.00562
variance of residuals (reduced chisquare) = WSSR/ndf   : 1.01127

Final set of parameters            Asymptotic Standard Error
=======================            ==========================
c1              = 4.36904e-09      +/- 1.078e-10    (2.467%)
c2              = 1                +/- 0.2097       (20.97%)

correlation matrix of the fit parameters:
                c1     c2     
c1              1.000 
c2             -0.340  1.000 


*******************************************************************************
Tue Mar 29 09:06:03 2022


FIT:    data read from 'salida.dat'
        format = z
        x range restricted to [11.0000 : 41.0000]
        #datapoints = 22
        residuals are weighted equally (unit weight)

function used for fitting: g(x)
	g(x) = c0*(2**x)
fitted parameters initialized with current variable values

iter      chisq       delta/lim  lambda   c0           
   0 9.8382634166e+19   0.00e+00  2.11e+09    1.000000e+00
   5 2.2985866114e-01  -7.12e-10  2.11e+04    4.543660e-09

After 5 iterations the fit converged.
final sum of squares of residuals : 0.229859
rel. change during last iteration : -7.12429e-15

degrees of freedom    (FIT_NDF)                        : 21
rms of residuals      (FIT_STDFIT) = sqrt(WSSR/ndf)    : 0.104621
variance of residuals (reduced chisquare) = WSSR/ndf   : 0.0109457

Final set of parameters            Asymptotic Standard Error
=======================            ==========================
c0              = 4.54366e-09      +/- 1.055e-11    (0.2321%)


*******************************************************************************
Tue Mar 29 09:07:12 2022


FIT:    data read from 'salidaf.dat'
        format = z
        x range restricted to [11.0000 : 41.0000]
BREAK: No data to fit

*******************************************************************************
Tue Mar 29 09:08:17 2022


FIT:    data read from 'salidaf.dat'
        format = z
        x range restricted to [11.0000 : 41.0000]
BREAK: No data to fit

*******************************************************************************
Tue Mar 29 09:09:40 2022


FIT:    data read from 'salidaf.dat'
        format = z
        x range restricted to [11.0000 : 41.0000]
BREAK: No data to fit

*******************************************************************************
Tue Mar 29 09:10:59 2022


FIT:    data read from 'salidaf.dat'
        format = z
        x range restricted to [100.000 : 1500.00]
        #datapoints = 29
        residuals are weighted equally (unit weight)

function used for fitting: h(x)
	h(x) = a0*(x**3)+a1*(x**2)+a2*(x)+a3
fitted parameters initialized with current variable values

iter      chisq       delta/lim  lambda   a0            a1            a2            a3           
   0 2.9489627615e+05   0.00e+00  5.97e+01    1.051506e-09  -1.361995e-05   1.312910e-01   1.000000e+00
   6 3.0949570531e-01  -3.05e-05  5.97e-05    4.230503e-09   1.213967e-06  -7.237626e-04   9.881286e-02

After 6 iterations the fit converged.
final sum of squares of residuals : 0.309496
rel. change during last iteration : -3.05461e-10

degrees of freedom    (FIT_NDF)                        : 25
rms of residuals      (FIT_STDFIT) = sqrt(WSSR/ndf)    : 0.111265
variance of residuals (reduced chisquare) = WSSR/ndf   : 0.0123798

Final set of parameters            Asymptotic Standard Error
=======================            ==========================
a0              = 4.2305e-09       +/- 3.616e-10    (8.548%)
a1              = 1.21397e-06      +/- 8.779e-07    (72.32%)
a2              = -0.000723763     +/- 0.0006199    (85.65%)
a3              = 0.0988129        +/- 0.121        (122.4%)

correlation matrix of the fit parameters:
                a0     a1     a2     a3     
a0              1.000 
a1             -0.989  1.000 
a2              0.937 -0.977  1.000 
a3             -0.778  0.846 -0.928  1.000 


*******************************************************************************
Tue Mar 29 09:13:10 2022


FIT:    data read from 'salidai.dat'
        format = z
        #datapoints = 27
        residuals are weighted equally (unit weight)

function used for fitting: h(x)
	h(x) = a0*x*x+a1*x+a2
fitted parameters initialized with current variable values

iter      chisq       delta/lim  lambda   a0            a1            a2           
   0 1.1736224427e+05   0.00e+00  4.69e+01    4.230503e-09   1.213967e-06  -7.237626e-04
   8 9.6178718628e-01  -1.73e-02  4.69e-07    9.063653e-10  -2.057339e-05   5.756900e-01

After 8 iterations the fit converged.
final sum of squares of residuals : 0.961787
rel. change during last iteration : -1.73004e-07

degrees of freedom    (FIT_NDF)                        : 24
rms of residuals      (FIT_STDFIT) = sqrt(WSSR/ndf)    : 0.200186
variance of residuals (reduced chisquare) = WSSR/ndf   : 0.0400745

Final set of parameters            Asymptotic Standard Error
=======================            ==========================
a0              = 9.06365e-10      +/- 1.494e-11    (1.649%)
a1              = -2.05734e-05     +/- 3.356e-06    (16.31%)
a2              = 0.57569          +/- 0.1623       (28.2%)

correlation matrix of the fit parameters:
                a0     a1     a2     
a0              1.000 
a1             -0.977  1.000 
a2              0.842 -0.926  1.000 


*******************************************************************************
Tue Mar 29 10:29:52 2022


FIT:    data read from 'salidaq.dat'
        format = z
        #datapoints = 27
        residuals are weighted equally (unit weight)

function used for fitting: h(x)
	h(x) = c1*x+c2*x*log(x)
fitted parameters initialized with current variable values

iter      chisq       delta/lim  lambda   c0            c1           
   0 1.6870854579e+15   0.00e+00  1.81e-03    4.543660e-09   4.369037e-09
BREAK: Singular matrix in Invert_RtR

*******************************************************************************
Tue Mar 29 10:32:16 2022


FIT:    data read from 'salidaq.dat'
        format = z
        x range restricted to [0.00000 : 1.00000e+06]
        #datapoints = 27
        residuals are weighted equally (unit weight)

function used for fitting: h(x)
	h(x) = c1*x+c2*x*log2(x)
fitted parameters initialized with current variable values



*******************************************************************************
Tue Mar 29 10:33:11 2022


FIT:    data read from 'salidaq.dat'
        format = z
        x range restricted to [0.00000 : 1.00000e+06]
        #datapoints = 27
        residuals are weighted equally (unit weight)

function used for fitting: h(x)
	h(x) = c1*x+c2*x*(log(x)/log(2))
fitted parameters initialized with current variable values

iter      chisq       delta/lim  lambda   c0            c1           
   0 3.3107989729e+14   0.00e+00  5.59e+06    4.543660e-09  -1.350904e+01
BREAK: Singular matrix in Invert_RtR

*******************************************************************************
Tue Mar 29 18:20:55 2022


FIT:    data read from 'salidah.dat'
        format = z
        x range restricted to [0.00000 : 1.00000e+06]
        #datapoints = 27
        residuals are weighted equally (unit weight)

function used for fitting: y(x)
	y(x) = x*log(x)*c1 + c2*((x+2)/2)
fitted parameters initialized with current variable values

iter      chisq       delta/lim  lambda   c1            c2           
   0 6.3838595041e+17   0.00e+00  1.09e+08   -1.948942e+01   1.000000e+00
   9 1.9954217790e-05  -2.89e-10  1.09e-01    1.566809e-08  -8.382882e-08

After 9 iterations the fit converged.
final sum of squares of residuals : 1.99542e-05
rel. change during last iteration : -2.88652e-15

degrees of freedom    (FIT_NDF)                        : 25
rms of residuals      (FIT_STDFIT) = sqrt(WSSR/ndf)    : 0.000893403
variance of residuals (reduced chisquare) = WSSR/ndf   : 7.98169e-07

Final set of parameters            Asymptotic Standard Error
=======================            ==========================
c1              = 1.56681e-08      +/- 8.812e-10    (5.624%)
c2              = -8.38288e-08     +/- 2.379e-08    (28.38%)

correlation matrix of the fit parameters:
                c1     c2     
c1              1.000 
c2             -1.000  1.000 


*******************************************************************************
Wed Mar 30 13:18:11 2022


FIT:    data read from 'salidas.dat'
        format = z
        #datapoints = 27
        residuals are weighted equally (unit weight)

function used for fitting: f(x)
	f(x) = a0*x*x+a1*x+a2
fitted parameters initialized with current variable values

iter      chisq       delta/lim  lambda   a0            a1            a2           
   0 2.8911044039e+02   0.00e+00  1.02e+01    9.063653e-10  -2.057339e-05   5.756900e-01
   5 1.3142925993e+00  -5.08e-07  1.02e-04    1.051506e-09  -1.361995e-05   1.312910e-01

After 5 iterations the fit converged.
final sum of squares of residuals : 1.31429
rel. change during last iteration : -5.07514e-12

degrees of freedom    (FIT_NDF)                        : 24
rms of residuals      (FIT_STDFIT) = sqrt(WSSR/ndf)    : 0.234013
variance of residuals (reduced chisquare) = WSSR/ndf   : 0.0547622

Final set of parameters            Asymptotic Standard Error
=======================            ==========================
a0              = 1.05151e-09      +/- 1.747e-11    (1.661%)
a1              = -1.362e-05       +/- 3.923e-06    (28.8%)
a2              = 0.131291         +/- 0.1897       (144.5%)

correlation matrix of the fit parameters:
                a0     a1     a2     
a0              1.000 
a1             -0.977  1.000 
a2              0.842 -0.926  1.000 


*******************************************************************************
Thu Mar 31 19:43:49 2022


FIT:    data read from 'salidaq.dat'
        format = z
        #datapoints = 27
        residuals are weighted equally (unit weight)

function used for fitting: y(x)
	y(x)=c1x*log(x)+c2*x
fitted parameters initialized with current variable values



*******************************************************************************
Thu Mar 31 19:43:58 2022


FIT:    data read from 'salidaq.dat'
        format = z
        #datapoints = 27
        residuals are weighted equally (unit weight)

function used for fitting: y(x)
	y(x)=c1*x*log(x)+c2*x
fitted parameters initialized with current variable values

iter      chisq       delta/lim  lambda   c1            c2           
   0 1.9462117211e+15   0.00e+00  5.60e+06    1.000000e+00   1.000000e+00
   7 6.6281509635e-06  -2.74e-07  5.60e-01    9.628951e-09  -1.602613e-08

After 7 iterations the fit converged.
final sum of squares of residuals : 6.62815e-06
rel. change during last iteration : -2.73593e-12

degrees of freedom    (FIT_NDF)                        : 25
rms of residuals      (FIT_STDFIT) = sqrt(WSSR/ndf)    : 0.000514904
variance of residuals (reduced chisquare) = WSSR/ndf   : 2.65126e-07

Final set of parameters            Asymptotic Standard Error
=======================            ==========================
c1              = 9.62895e-09      +/- 5.079e-10    (5.275%)
c2              = -1.60261e-08     +/- 6.856e-09    (42.78%)

correlation matrix of the fit parameters:
                c1     c2     
c1              1.000 
c2             -1.000  1.000 


*******************************************************************************
Thu Mar 31 19:44:35 2022


FIT:    data read from 'salidaq.dat'
        format = z
        #datapoints = 27
        residuals are weighted equally (unit weight)

function used for fitting: y(x)
	y(x)=c1*x*log(x)/log(2)+c2*x
fitted parameters initialized with current variable values

iter      chisq       delta/lim  lambda   c1            c2           
   0 3.0661841242e-02   0.00e+00  7.79e-02    9.628951e-09  -1.602613e-08
   5 6.6281509635e-06  -2.20e-05  7.79e-07    6.674280e-09  -1.602613e-08

After 5 iterations the fit converged.
final sum of squares of residuals : 6.62815e-06
rel. change during last iteration : -2.20127e-10

degrees of freedom    (FIT_NDF)                        : 25
rms of residuals      (FIT_STDFIT) = sqrt(WSSR/ndf)    : 0.000514904
variance of residuals (reduced chisquare) = WSSR/ndf   : 2.65126e-07

Final set of parameters            Asymptotic Standard Error
=======================            ==========================
c1              = 6.67428e-09      +/- 3.52e-10     (5.275%)
c2              = -1.60261e-08     +/- 6.856e-09    (42.78%)

correlation matrix of the fit parameters:
                c1     c2     
c1              1.000 
c2             -1.000  1.000 


*******************************************************************************
Thu Mar 31 19:44:45 2022


FIT:    data read from 'salidaq.dat'
        format = z
        #datapoints = 27
        residuals are weighted equally (unit weight)

function used for fitting: y(x)
	y(x)=c1*x*(log(x)/log(2))+c2*x
fitted parameters initialized with current variable values

iter      chisq       delta/lim  lambda   c1            c2           
   0 6.6281509635e-06   0.00e+00  5.42e-02    6.674280e-09  -1.602613e-08
   1 6.6281509635e-06  -4.86e-10  5.42e-02    6.674280e-09  -1.602613e-08

After 1 iterations the fit converged.
final sum of squares of residuals : 6.62815e-06
rel. change during last iteration : -4.85614e-15

degrees of freedom    (FIT_NDF)                        : 25
rms of residuals      (FIT_STDFIT) = sqrt(WSSR/ndf)    : 0.000514904
variance of residuals (reduced chisquare) = WSSR/ndf   : 2.65126e-07

Final set of parameters            Asymptotic Standard Error
=======================            ==========================
c1              = 6.67428e-09      +/- 3.52e-10     (5.275%)
c2              = -1.60261e-08     +/- 6.856e-09    (42.78%)

correlation matrix of the fit parameters:
                c1     c2     
c1              1.000 
c2             -1.000  1.000 


*******************************************************************************
Thu Mar 31 19:55:50 2022


FIT:    data read from 'salidah.dat'
        format = z
        #datapoints = 27
        residuals are weighted equally (unit weight)

function used for fitting: f(x)
	f(x)=a(3*x/2)*(log(x))
fitted parameters initialized with current variable values



*******************************************************************************
Thu Mar 31 19:55:55 2022


FIT:    data read from 'salidah.dat'
        format = z
        #datapoints = 27
        residuals are weighted equally (unit weight)

function used for fitting: f(x)
	f(x)=a(3*x/2)*(log(x))
fitted parameters initialized with current variable values



*******************************************************************************
Thu Mar 31 19:56:04 2022


FIT:    data read from 'salidah.dat'
        format = z
        #datapoints = 27
        residuals are weighted equally (unit weight)

function used for fitting: f(x)
	f(x)=a*(3*x/2)*(log(x))
fitted parameters initialized with current variable values

iter      chisq       delta/lim  lambda   a            
   0 3.7959422893e+15   0.00e+00  1.19e+07    1.000000e+00
   5 2.9863913513e-05  -2.27e-11  1.19e+07    8.376116e-09

After 5 iterations the fit converged.
final sum of squares of residuals : 2.98639e-05
rel. change during last iteration : -2.26905e-16

degrees of freedom    (FIT_NDF)                        : 26
rms of residuals      (FIT_STDFIT) = sqrt(WSSR/ndf)    : 0.00107173
variance of residuals (reduced chisquare) = WSSR/ndf   : 1.14861e-06

Final set of parameters            Asymptotic Standard Error
=======================            ==========================
a               = 8.37612e-09      +/- 1.74e-11     (0.2077%)


*******************************************************************************
Thu Mar 31 20:08:42 2022


FIT:    data read from 'salidas.dat'
        format = z
        x range restricted to [0.00000 : 1.00000e+06]
        #datapoints = 27
        residuals are weighted equally (unit weight)

function used for fitting: y(x)
	y(x) = a0/2*x*x+a1/2*x-a2
fitted parameters initialized with current variable values



*******************************************************************************
Thu Mar 31 20:08:47 2022


FIT:    data read from 'salidas.dat'
        format = z
        x range restricted to [0.00000 : 1.00000e+06]
        #datapoints = 27
        residuals are weighted equally (unit weight)

function used for fitting: y(x)
	y(x) = a0/2*x*x+a1/2*x-a2
fitted parameters initialized with current variable values

iter      chisq       delta/lim  lambda   a0            a1            a2           
   0 2.4864579089e+21   0.00e+00  5.54e+09    1.000000e+00   1.000000e+00   1.000000e+00
  13 1.3142925993e+00  -1.54e-02  5.54e-04    2.103012e-09  -2.723991e-05  -1.312910e-01

After 13 iterations the fit converged.
final sum of squares of residuals : 1.31429
rel. change during last iteration : -1.53665e-07

degrees of freedom    (FIT_NDF)                        : 24
rms of residuals      (FIT_STDFIT) = sqrt(WSSR/ndf)    : 0.234013
variance of residuals (reduced chisquare) = WSSR/ndf   : 0.0547622

Final set of parameters            Asymptotic Standard Error
=======================            ==========================
a0              = 2.10301e-09      +/- 3.494e-11    (1.661%)
a1              = -2.72399e-05     +/- 7.846e-06    (28.8%)
a2              = -0.131291        +/- 0.1897       (144.5%)

correlation matrix of the fit parameters:
                a0     a1     a2     
a0              1.000 
a1             -0.977  1.000 
a2             -0.842  0.926  1.000 


*******************************************************************************
Thu Mar 31 20:11:49 2022


FIT:    data read from 'salidah.dat'
        format = z
        x range restricted to [0.00000 : 1.00000e+06]
        #datapoints = 27
        residuals are weighted equally (unit weight)

function used for fitting: y(x)
	y(x)=log(x)*a*n
fitted parameters initialized with current variable values



*******************************************************************************
Thu Mar 31 20:11:54 2022


FIT:    data read from 'salidah.dat'
        format = z
        x range restricted to [0.00000 : 1.00000e+06]
        #datapoints = 27
        residuals are weighted equally (unit weight)

function used for fitting: y(x)
	y(x)=log(x)*a*x
fitted parameters initialized with current variable values

iter      chisq       delta/lim  lambda   a            
   0 2.9621059435e-02   0.00e+00  6.62e-02    8.376116e-09
   3 2.9863913513e-05  -1.73e-02  6.62e-05    1.256417e-08

After 3 iterations the fit converged.
final sum of squares of residuals : 2.98639e-05
rel. change during last iteration : -1.73241e-07

degrees of freedom    (FIT_NDF)                        : 26
rms of residuals      (FIT_STDFIT) = sqrt(WSSR/ndf)    : 0.00107173
variance of residuals (reduced chisquare) = WSSR/ndf   : 1.14861e-06

Final set of parameters            Asymptotic Standard Error
=======================            ==========================
a               = 1.25642e-08      +/- 2.609e-11    (0.2077%)
